Active-HDL 15.0.261.9132 2024-06-05 18:11:15

Elaboration top modules:
Verilog Module                ALU_TB
SystemVerilog Package         UnitScopePackage_33


-----------------------------------------------------------------------------------------------------
Verilog Module          | Library           | Info | Compiler Version          | Compilation Options
-----------------------------------------------------------------------------------------------------
ALU_TB                  | pipelineprocessor |      | 15.0.261.9132 (Windows64) | -O2 -sv2k17
ALU                     | pipelineprocessor |      | 15.0.261.9132 (Windows64) | -O2 -sv2k17
-----------------------------------------------------------------------------------------------------

-----------------------------------------------------------------------------------------------------
SystemVerilog Package   | Library           | Info | Compiler Version          | Compilation Options
-----------------------------------------------------------------------------------------------------
UnitScopePackage_33     | pipelineprocessor |      | 15.0.261.9132 (Windows64) | -O2 -sv2k17
-----------------------------------------------------------------------------------------------------

-----------------------------------------------------------------------------------------------------
Library                 | Comment
-----------------------------------------------------------------------------------------------------
pipelineprocessor       | None
-----------------------------------------------------------------------------------------------------


Simulation Options: asim -O5 +access +r +m+ALU_TB ALU_TB


The performance of simulation is reduced. Version Student Edition
